Saving storage...
Storage saved at Mon Jan 15 18:42:13 GMT+04:00 2018
Loading storage from file...
Storage loaded successfully.
Saving storage...
Storage saved at Mon Jan 15 18:42:13 GMT+04:00 2018
Animal EB0255 was bought.
Animal RB8349 was bought.
One animal ran away.
One animal ran away.
Sale was failed because required animal is not in the storage.
Saving storage...
Storage saved at Mon Jan 15 18:42:23 GMT+04:00 2018
Sale was failed because required animal is not in the storage.
Saving storage...
Storage saved at Mon Jan 15 18:42:33 GMT+04:00 2018
Animal RA2939 was bought.
Sale was failed because required animal is not in the storage.
Animal BI7711 was bought.
One animal ran away.
One animal ran away.
Saving storage...
Storage saved at Mon Jan 15 18:42:43 GMT+04:00 2018
One animal ran away.
Animal TK4523 was bought.
Animal BI7711 was sold successfully.
Saving storage...
Storage saved at Mon Jan 15 18:42:53 GMT+04:00 2018
One animal ran away.
One animal ran away.
Animal AN1491 was bought.
Saving storage...
Storage saved at Mon Jan 15 18:43:03 GMT+04:00 2018
Animal OC9932 was bought.
Sale was failed because required animal is not in the storage.
One animal ran away.
Animal JL5975 was bought.
One animal ran away.
Animal JP5069 was bought.
Saving storage...
Storage saved at Mon Jan 15 18:43:13 GMT+04:00 2018
Animal IN5726 was bought.
One animal ran away.
Saving storage...
Storage saved at Mon Jan 15 18:43:23 GMT+04:00 2018
Animal BL4277 was bought.
One animal ran away.
One animal ran away.
Animal JP5069 was sold successfully.
Animal KC9965 was bought.
Saving storage...
Storage saved at Mon Jan 15 18:43:33 GMT+04:00 2018
One animal ran away.
Sale was failed because required animal is not in the storage.
Saving storage...
Storage saved at Mon Jan 15 18:43:43 GMT+04:00 2018
One animal ran away.
Saving storage...
Storage saved at Mon Jan 15 18:43:53 GMT+04:00 2018
Animal FC1377 was bought.
Animal KH5678 was bought.
Saving storage...
Storage saved at Mon Jan 15 18:44:03 GMT+04:00 2018
Animal DA8097 was bought.
One animal ran away.
One animal ran away.
Animal DA8097 was sold successfully.
Saving storage...
Storage saved at Mon Jan 15 18:44:13 GMT+04:00 2018
Animal JL5975 was sold successfully.
End of the work.
